/home/action/.parts/packages/ruby2.1/2.1.1/bin/ruby extconf.rb 
checking for ffi_call() in -lffi... yes
checking for ffi_prep_closure()... yes
checking for ffi_raw_call()... yes
checking for ffi_prep_raw_closure()... yes
checking for rb_thread_blocking_region()... yes
checking for rb_thread_call_with_gvl()... yes
checking for rb_thread_call_without_gvl()... yes
checking for ffi_prep_cif_var()... yes
creating extconf.h
creating Makefile

make "DESTDIR=" clean

make "DESTDIR="
compiling Types.c
compiling Buffer.c
compiling ArrayType.c
compiling Function.c
Function.c: In function ‘callback_invoke’:
Function.c:479:9: warning: passing argument 1 of ‘rb_thread_call_with_gvl’ from incompatible pointer type [enabled by default]
Function.c:102:14: note: expected ‘void * (*)(void *)’ but argument is of type ‘VALUE (*)(void *)’
compiling StructByReference.c
compiling StructLayout.c
compiling Thread.c
compiling StructByValue.c
compiling MemoryPointer.c
compiling ffi.c
compiling FunctionInfo.c
compiling MethodHandle.c
compiling Pointer.c
compiling Struct.c
compiling DataConverter.c
compiling LastError.c
compiling Call.c
compiling AbstractMemory.c
compiling DynamicLibrary.c
compiling Variadic.c
compiling LongDouble.c
compiling Type.c
compiling Platform.c
compiling MappedType.c
compiling ClosurePool.c
linking shared-object ffi_c.so

make "DESTDIR=" install
/usr/bin/install -c -m 0755 ffi_c.so ./.gem.20140602-11358-199wqhe
installing default ffi_c libraries
